d:\vs2017data\26.字符串高级编程\字符串压缩时间优先\字符串压缩时间优先\x64\debug\vc143.pdb
d:\vs2017data\26.字符串高级编程\字符串压缩时间优先\字符串压缩时间优先\x64\debug\vc143.idb
d:\vs2017data\26.字符串高级编程\字符串压缩时间优先\字符串压缩时间优先\x64\debug\字符串压缩.obj
d:\vs2017data\26.字符串高级编程\字符串压缩时间优先\字符串压缩时间优先\x64\debug\字符.obj
d:\vs2017data\26.字符串高级编程\字符串压缩时间优先\x64\debug\字符串压缩时间优先.pdb
d:\vs2017data\26.字符串高级编程\字符串压缩时间优先\字符串压缩时间优先\x64\debug\字符串压缩时间优先.tlog\cl.command.1.tlog
d:\vs2017data\26.字符串高级编程\字符串压缩时间优先\字符串压缩时间优先\x64\debug\字符串压缩时间优先.tlog\cl.read.1.tlog
d:\vs2017data\26.字符串高级编程\字符串压缩时间优先\字符串压缩时间优先\x64\debug\字符串压缩时间优先.tlog\cl.write.1.tlog
d:\vs2017data\26.字符串高级编程\字符串压缩时间优先\字符串压缩时间优先\x64\debug\字符串压缩时间优先.tlog\link-cvtres.read.1.tlog
d:\vs2017data\26.字符串高级编程\字符串压缩时间优先\字符串压缩时间优先\x64\debug\字符串压缩时间优先.tlog\link-cvtres.write.1.tlog
d:\vs2017data\26.字符串高级编程\字符串压缩时间优先\字符串压缩时间优先\x64\debug\字符串压缩时间优先.tlog\link-rc.read.1.tlog
d:\vs2017data\26.字符串高级编程\字符串压缩时间优先\字符串压缩时间优先\x64\debug\字符串压缩时间优先.tlog\link-rc.write.1.tlog
d:\vs2017data\26.字符串高级编程\字符串压缩时间优先\字符串压缩时间优先\x64\debug\字符串压缩时间优先.tlog\link.2292-cvtres.read.1.tlog
d:\vs2017data\26.字符串高级编程\字符串压缩时间优先\字符串压缩时间优先\x64\debug\字符串压缩时间优先.tlog\link.2292-cvtres.write.1.tlog
d:\vs2017data\26.字符串高级编程\字符串压缩时间优先\字符串压缩时间优先\x64\debug\字符串压缩时间优先.tlog\link.2292-rc.read.1.tlog
d:\vs2017data\26.字符串高级编程\字符串压缩时间优先\字符串压缩时间优先\x64\debug\字符串压缩时间优先.tlog\link.2292-rc.write.1.tlog
d:\vs2017data\26.字符串高级编程\字符串压缩时间优先\字符串压缩时间优先\x64\debug\字符串压缩时间优先.tlog\link.2292.read.1.tlog
d:\vs2017data\26.字符串高级编程\字符串压缩时间优先\字符串压缩时间优先\x64\debug\字符串压缩时间优先.tlog\link.2292.read.2.tlog
d:\vs2017data\26.字符串高级编程\字符串压缩时间优先\字符串压缩时间优先\x64\debug\字符串压缩时间优先.tlog\link.2292.write.1.tlog
d:\vs2017data\26.字符串高级编程\字符串压缩时间优先\字符串压缩时间优先\x64\debug\字符串压缩时间优先.tlog\link.command.1.tlog
d:\vs2017data\26.字符串高级编程\字符串压缩时间优先\字符串压缩时间优先\x64\debug\字符串压缩时间优先.tlog\link.read.1.tlog
d:\vs2017data\26.字符串高级编程\字符串压缩时间优先\字符串压缩时间优先\x64\debug\字符串压缩时间优先.tlog\link.read.2.tlog
d:\vs2017data\26.字符串高级编程\字符串压缩时间优先\字符串压缩时间优先\x64\debug\字符串压缩时间优先.tlog\link.write.1.tlog
